warning: Git tree '/home/jacob/.dotfiles' is dirty
building the system configuration...
warning: Git tree '/home/jacob/.dotfiles' is dirty
these 21 derivations will be built:
  /nix/store/2r8rm8fz2wn6z04mfrp49vkak71l7h3f-policies.json.drv
  /nix/store/gl9b0ba6kwfjvn4g496vjgra4dcdi0c0-firefox-policies.json.drv
  /nix/store/xiirwy1y657f0qdz02ifdgvis6yamgdd-zen.linux-x86_64.tar.xz.drv
  /nix/store/iqc9pa8js66a9jdiq49fdf0bkg6zb3rj-zen-browser-unwrapped-1.17.15b.drv
  /nix/store/y3yk9yq6n7d90k1y4ax00w6zzxylslk5-zen.desktop.drv
  /nix/store/zcipahi37jzmyhj4v5q5ajk1q0pvlpk6-extract-binary-wrapper-cmd.drv
  /nix/store/4pn64g6ahb87qmxacdry1i80nbh1chpm-zen-browser-1.17.15b.drv
  /nix/store/vfs9ys2radfim5mf76z5xr8qnvl8d80r-zen-browser-1.17.15b-fish-completions.drv
  /nix/store/a08rgi77784h1j6xxaxz1n9ifk818w4n-jacob-fish-completions.drv
  /nix/store/824wa5gxypcq7r99z0vxh81d8nnjhk6q-home-manager-path.drv
  /nix/store/ikvq8zq0xdm5gzlm6x5avfbzwd6n0q04-hm_fontconfigconf.d10hmfonts.conf.drv
  /nix/store/f6pzflifcw0ppqpis2jnr3ysq6hhhnq7-man-paths.drv
  /nix/store/657q9qa5dq2avf9jgg0dn4aabxw2sxp8-man-cache.drv
  /nix/store/jm7f8kx128444wf7aqawwr8jm3bphsmh-hm_.manpath.drv
  /nix/store/0f22sz2c8nlrs9m38v27rbzdxq6m439j-home-manager-files.drv
  /nix/store/3rxrjja5q48k01qqip33fzj57b7jn1pp-user-environment.drv
  /nix/store/v4y98rv6icsfjb4r6y2y1im6lqcf757l-home-manager-generation.drv
  /nix/store/xmnwyrrqqwcm590md4j3dqwx6kskij38-unit-home-manager-jacob.service.drv
  /nix/store/w02pw0bgwzmwird3pnbkm5xhhrin3say-system-units.drv
  /nix/store/anp75i0cfp8xi4w2pb9dj8v65vr57qcx-etc.drv
  /nix/store/k57nmnvf2dzw3kg9lh7y5cggyw1hl1dm-nixos-system-nixos-25.11.20251229.89dbf01.drv
these 6 paths will be fetched (9.56 MiB download, 29.70 MiB unpacked):
  /nix/store/7bd879s1fflkxnlgkm1lsp0y4wahlad4-dbus-glib-0.114
  /nix/store/afrlydy2zk54i43r0l037gf1rn0x7r3g-dbus-glib-0.114-dev
  /nix/store/b1vgz3sqjgj91a70w0c4lqdi4mg8n8sq-ffmpeg-7.1.2-data
  /nix/store/67pxrlzhsgx5cyzwphn5c1r58yhbarx4-ffmpeg-7.1.2-lib
  /nix/store/99srxgxwmghsqjpyzkyr6pw5a0pm1afk-libcanberra-0.30
  /nix/store/36080g6gbm8ankf6fmayh091gjwix2x5-patchelf-0.18.0-unstable-2025-08-13
copying path '/nix/store/b1vgz3sqjgj91a70w0c4lqdi4mg8n8sq-ffmpeg-7.1.2-data' from 'https://cache.nixos.org'...
copying path '/nix/store/99srxgxwmghsqjpyzkyr6pw5a0pm1afk-libcanberra-0.30' from 'https://cache.nixos.org'...
building '/nix/store/zcipahi37jzmyhj4v5q5ajk1q0pvlpk6-extract-binary-wrapper-cmd.drv'...
building '/nix/store/2r8rm8fz2wn6z04mfrp49vkak71l7h3f-policies.json.drv'...
building '/nix/store/y3yk9yq6n7d90k1y4ax00w6zzxylslk5-zen.desktop.drv'...
copying path '/nix/store/36080g6gbm8ankf6fmayh091gjwix2x5-patchelf-0.18.0-unstable-2025-08-13' from 'https://cache.nixos.org'...
building '/nix/store/gl9b0ba6kwfjvn4g496vjgra4dcdi0c0-firefox-policies.json.drv'...
copying path '/nix/store/7bd879s1fflkxnlgkm1lsp0y4wahlad4-dbus-glib-0.114' from 'https://cache.nixos.org'...
building '/nix/store/xiirwy1y657f0qdz02ifdgvis6yamgdd-zen.linux-x86_64.tar.xz.drv'...
copying path '/nix/store/67pxrlzhsgx5cyzwphn5c1r58yhbarx4-ffmpeg-7.1.2-lib' from 'https://cache.nixos.org'...
copying path '/nix/store/afrlydy2zk54i43r0l037gf1rn0x7r3g-dbus-glib-0.114-dev' from 'https://cache.nixos.org'...
building '/nix/store/iqc9pa8js66a9jdiq49fdf0bkg6zb3rj-zen-browser-unwrapped-1.17.15b.drv'...
building '/nix/store/4pn64g6ahb87qmxacdry1i80nbh1chpm-zen-browser-1.17.15b.drv'...
building '/nix/store/824wa5gxypcq7r99z0vxh81d8nnjhk6q-home-manager-path.drv'...
building '/nix/store/f6pzflifcw0ppqpis2jnr3ysq6hhhnq7-man-paths.drv'...
building '/nix/store/vfs9ys2radfim5mf76z5xr8qnvl8d80r-zen-browser-1.17.15b-fish-completions.drv'...
building '/nix/store/657q9qa5dq2avf9jgg0dn4aabxw2sxp8-man-cache.drv'...
building '/nix/store/a08rgi77784h1j6xxaxz1n9ifk818w4n-jacob-fish-completions.drv'...
building '/nix/store/ikvq8zq0xdm5gzlm6x5avfbzwd6n0q04-hm_fontconfigconf.d10hmfonts.conf.drv'...
building '/nix/store/3rxrjja5q48k01qqip33fzj57b7jn1pp-user-environment.drv'...
building '/nix/store/jm7f8kx128444wf7aqawwr8jm3bphsmh-hm_.manpath.drv'...
building '/nix/store/0f22sz2c8nlrs9m38v27rbzdxq6m439j-home-manager-files.drv'...
building '/nix/store/v4y98rv6icsfjb4r6y2y1im6lqcf757l-home-manager-generation.drv'...
building '/nix/store/xmnwyrrqqwcm590md4j3dqwx6kskij38-unit-home-manager-jacob.service.drv'...
building '/nix/store/w02pw0bgwzmwird3pnbkm5xhhrin3say-system-units.drv'...
building '/nix/store/anp75i0cfp8xi4w2pb9dj8v65vr57qcx-etc.drv'...
building '/nix/store/k57nmnvf2dzw3kg9lh7y5cggyw1hl1dm-nixos-system-nixos-25.11.20251229.89dbf01.drv'...
activating the configuration...
setting up /etc...
reloading user units for jacob...
restarting sysinit-reactivation.target
the following new units were started: NetworkManager-dispatcher.service
Done. The new configuration is /nix/store/7bag8i74affi6xaqyhg2x1ncgzpwpa1h-nixos-system-nixos-25.11.20251229.89dbf01
